app/build/outputs/mapping/release/seeds.txt
com.parallax.wallpaper.service.ParallaxWallpaperService$ParallaxEngine$onVisibilityChanged$1
com.parallax.wallpaper.model.ReWallTab
com.parallax.wallpaper.sensor.ParallaxSensorManager
com.parallax.wallpaper.service.ParallaxWallpaperService$Star
com.parallax.wallpaper.service.ParallaxWallpaperService
com.parallax.wallpaper.MainActivity
com.parallax.wallpaper.model.Category
com.parallax.wallpaper.model.WallpaperLayer
com.parallax.wallpaper.service.ParallaxWallpaperService$ParallaxEngine$onVisibilityChanged$1$1
com.parallax.wallpaper.model.WallpaperItem
com.parallax.wallpaper.service.ParallaxWallpaperService$ParallaxEngine
com.parallax.wallpaper.ParallaxApp
com.parallax.wallpaper.service.ParallaxWallpaperService$ParallaxEngine: com.parallax.wallpaper.sensor.ParallaxSensorManager sensorManager
com.parallax.wallpaper.model.Category: com.parallax.wallpaper.model.Category ALL
com.parallax.wallpaper.model.WallpaperLayer: java.lang.String id
com.parallax.wallpaper.service.ParallaxWallpaperService$ParallaxEngine$onVisibilityChanged$1: com.parallax.wallpaper.service.ParallaxWallpaperService$ParallaxEngine this$0
com.parallax.wallpaper.model.Category: com.parallax.wallpaper.model.Category PARALLAX_3D
com.parallax.wallpaper.model.Category: java.lang.String displayName
com.parallax.wallpaper.service.ParallaxWallpaperService$ParallaxEngine: kotlinx.coroutines.Job sensorJob
com.parallax.wallpaper.model.WallpaperLayer: int $stable
com.parallax.wallpaper.sensor.ParallaxSensorManager: kotlinx.coroutines.flow.MutableStateFlow _parallaxOffset
com.parallax.wallpaper.model.WallpaperItem: java.lang.String id
com.parallax.wallpaper.service.ParallaxWallpaperService$ParallaxEngine: android.os.Handler handler
com.parallax.wallpaper.model.ReWallTab: com.parallax.wallpaper.model.ReWallTab POPULAR
com.parallax.wallpaper.model.WallpaperItem: int likes
com.parallax.wallpaper.service.ParallaxWallpaperService$Star: float radius
com.parallax.wallpaper.model.WallpaperItem: int downloads
com.parallax.wallpaper.model.Category: com.parallax.wallpaper.model.Category AMOLED
com.parallax.wallpaper.service.ParallaxWallpaperService$Star: float yRatio
com.parallax.wallpaper.model.WallpaperItem: com.parallax.wallpaper.model.Category category
com.parallax.wallpaper.model.ReWallTab: kotlin.enums.EnumEntries $ENTRIES
com.parallax.wallpaper.model.Category: com.parallax.wallpaper.model.Category MINIMAL
com.parallax.wallpaper.sensor.ParallaxSensorManager: kotlinx.coroutines.flow.StateFlow parallaxOffset
com.parallax.wallpaper.model.ReWallTab: com.parallax.wallpaper.model.ReWallTab[] $VALUES
com.parallax.wallpaper.service.ParallaxWallpaperService$Star: int alpha
com.parallax.wallpaper.model.WallpaperItem: boolean isFavorite
com.parallax.wallpaper.model.Category: com.parallax.wallpaper.model.Category ANIME
com.parallax.wallpaper.service.ParallaxWallpaperService$ParallaxEngine$onVisibilityChanged$1: int label
com.parallax.wallpaper.sensor.ParallaxSensorManager: float sensitivity
com.parallax.wallpaper.sensor.ParallaxSensorManager: android.hardware.Sensor accelerometerSensor
com.parallax.wallpaper.model.WallpaperItem: java.lang.String previewUrl
com.parallax.wallpaper.model.Category: com.parallax.wallpaper.model.Category NATURE
com.parallax.wallpaper.model.Category: kotlin.enums.EnumEntries $ENTRIES
com.parallax.wallpaper.model.ReWallTab: java.lang.String title
com.parallax.wallpaper.service.ParallaxWallpaperService$ParallaxEngine: kotlinx.coroutines.CoroutineScope scope
com.parallax.wallpaper.sensor.ParallaxSensorManager: float smoothY
com.parallax.wallpaper.model.WallpaperItem: boolean isUnlocked
com.parallax.wallpaper.sensor.ParallaxSensorManager: android.hardware.SensorManager sensorManager
com.parallax.wallpaper.sensor.ParallaxSensorManager: float smoothX
com.parallax.wallpaper.model.WallpaperItem: java.lang.String title
com.parallax.wallpaper.sensor.ParallaxSensorManager: int $stable
com.parallax.wallpaper.model.WallpaperItem: int $stable
...
coil.drawable.CrossfadeDrawable: int computeIntrinsicDimension(java.lang.Integer,java.lang.Integer)
coil.request.ImageRequest: okhttp3.Headers getHeaders()
coil.transition.TransitionTarget: void access$onStart$jd(coil.transition.TransitionTarget,android.graphics.drawable.Drawable)
coil.request.GlobalLifecycle$owner$1: androidx.lifecycle.Lifecycle getLifecycle()
coil.request.DefinedRequestOptions: java.lang.Boolean getAllowRgb565()
coil.ImageLoader$Builder: coil.disk.DiskCache build$lambda$34(coil.ImageLoader$Builder)
androidx.vectordrawable.graphics.drawable.VectorDrawableCompat$VFullPath: void setStrokeAlpha(float)
coil.map.StringMapper: android.net.Uri map(java.lang.String,coil.request.Options)
coil.compose.EqualityDelegate: int hashCode(java.lang.Object)
androidx.core.view.WindowInsetsCompat$Impl20: androidx.core.graphics.Insets getInsetsForType(int,boolean)
coil.request.BaseRequestDelegate: void onStart(androidx.lifecycle.LifecycleOwner)
coil.drawable.CrossfadeDrawable: CrossfadeDrawable(android.graphics.drawable.Drawable,android.graphics.drawable.Drawable,coil.size.Scale,int,boolean,boolean)
androidx.compose.ui.unit.LayoutDirection: androidx.compose.ui.unit.LayoutDirection[] values()
coil.compose.AsyncImagePainter$updateRequest$2$1$size$$inlined$mapNotNull$1$2: AsyncImagePainter$updateRequest$2$1$size$$inlined$mapNotNull$1$2(kotlinx.coroutines.flow.FlowCollector)
okio.ForwardingFileSystem: okio.Path onPathResult(okio.Path,java.lang.String)
coil.compose.RealSubcomposeAsyncImageScope: boolean component8()
coil.request.Options: int hashCode()
coil.compose.AsyncImagePainter$updateRequest$2$1$size$$inlined$mapNotNull$1$2$1: AsyncImagePainter$updateRequest$2$1$size$$inlined$mapNotNull$1$2$1(coil.compose.AsyncImagePainter$updateRequest$2$1$size$$inlined$mapNotNull$1$2,kotlin.coroutines.Continuation)
coil.request.ImageRequest$Listener: void access$onStart$jd(coil.request.ImageRequest$Listener,coil.request.ImageRequest)
coil.disk.RealDiskCache: RealDiskCache(long,okio.Path,okio.FileSystem,kotlinx.coroutines.CoroutineDispatcher)
coil.RealImageLoader: java.lang.Object access$executeMain(coil.RealImageLoader,coil.request.ImageRequest,int,kotlin.coroutines.Continuation)
coil.util.-Utils: android.graphics.Bitmap$Config getDEFAULT_BITMAP_CONFIG()
androidx.compose.ui.autofill.AutofillType: androidx.compose.ui.autofill.AutofillType valueOf(java.lang.String)
coil.request.ImageRequest$Builder: coil.request.ImageRequest$Builder placeholderMemoryCacheKey(coil.memory.MemoryCache$Key)
coil.request.BaseRequestDelegate: void onCreate(androidx.lifecycle.LifecycleOwner)
coil.RealImageLoader$execute$2: RealImageLoader$execute$2(coil.request.ImageRequest,coil.RealImageLoader,kotlin.coroutines.Continuation)
coil.fetch.Fetcher$Factory: coil.fetch.Fetcher create(java.lang.Object,coil.request.Options,coil.ImageLoader)
coil.request.DefinedRequestOptions: coil.request.CachePolicy getMemoryCachePolicy()
androidx.compose.ui.graphics.layer.ViewLayer: void setCanUseCompositingLayer$ui_graphics_release(boolean)
coil.map.ResourceIntMapper: java.lang.Object map(java.lang.Object,coil.request.Options)
coil.util.ContinuationCallback: ContinuationCallback(okhttp3.Call,kotlinx.coroutines.CancellableContinuation)
androidx.vectordrawable.graphics.drawable.VectorDrawableCompat$VGroup: void setRotation(float)
coil.compose.AsyncImagePainter: coil.request.ImageRequest access$updateRequest(coil.compose.AsyncImagePainter,coil.request.ImageRequest)
coil.ComponentRegistry$Builder: java.util.List getDecoderFactories$coil_base_release()
androidx.compose.ui.platform.coreshims.ViewCompatShims$Api29Impl: android.view.contentcapture.ContentCaptureSession getContentCaptureSession(android.view.View)
coil.memory.MemoryCache$Key: MemoryCache$Key(java.lang.String,java.util.Map)
androidx.compose.material.ripple.UnprojectedRipple$MRadiusHelper: void setRadius(android.graphics.drawable.RippleDrawable,int)