app/build/outputs/mapping/release/usage.txt
com.parallax.wallpaper.NavTab:
    public static kotlin.enums.EnumEntries getEntries()
com.parallax.wallpaper.ParallaxApp:
    public static final int $stable
com.parallax.wallpaper.R$color
com.parallax.wallpaper.R$drawable
com.parallax.wallpaper.R$mipmap
com.parallax.wallpaper.R$string
com.parallax.wallpaper.R$style
com.parallax.wallpaper.R$xml
com.parallax.wallpaper.R
com.parallax.wallpaper.data.WallpaperRepository:
    public final com.parallax.wallpaper.model.WallpaperItem getWallpaperById(java.lang.String)
com.parallax.wallpaper.sensor.ParallaxOffset:
    public static final int $stable
    public void <init>()
    public final float component1()
    public final float component2()
    public final com.parallax.wallpaper.sensor.ParallaxOffset copy(float,float)
    public static synthetic com.parallax.wallpaper.sensor.ParallaxOffset copy$default(com.parallax.wallpaper.sensor.ParallaxOffset,float,float,int,java.lang.Object)
com.parallax.wallpaper.ui.components.DrawerItem:
    public static kotlin.enums.EnumEntries getEntries()
com.parallax.wallpaper.ui.screens.FavoritesScreenKt$FavoritesScreen$lambda$11$lambda$10$lambda$9$$inlined$items$default$3
com.parallax.wallpaper.ui.screens.HomeScreenKt$HomeScreen$lambda$21$lambda$20$lambda$19$$inlined$items$default$3
com.parallax.wallpaper.ui.theme.ColorKt:
    public static final long getAccentGradientEnd()
    public static final long getAccentGradientStart()
    public static final long getTextTertiary()
com.parallax.wallpaper.utils.LiveWallpaperHelper:
    public static final int $stable
com.parallax.wallpaper.utils.WallpaperHelper:
    public static final int $stable
com.parallax.wallpaper.utils.WallpaperTarget:
    public static kotlin.enums.EnumEntries getEntries()
com.parallax.wallpaper.MainActivity$onCreate$1$1:
    public final void invoke$3()
com.parallax.wallpaper.MainActivity$onCreate$1:
    public final void invoke$3()
com.parallax.wallpaper.MainActivity:
    public static final int $stable
    static void <clinit>()
com.parallax.wallpaper.MainActivityKt$MainAppContent$1$1$1$1:
    public final java.lang.Object invoke(kotlinx.coroutines.CoroutineScope,kotlin.coroutines.Continuation)
com.parallax.wallpaper.MainActivityKt$MainAppContent$1$WhenMappings
com.parallax.wallpaper.MainActivityKt$MainAppContent$1:
    public final void invoke$3()
com.parallax.wallpaper.MainActivityKt$MainAppContent$2$1$1$1$1$2:
    public final void invoke$3()
com.parallax.wallpaper.MainActivityKt$MainAppContent$2$1$1$1$1$3:
    public final void invoke$3()
com.parallax.wallpaper.MainActivityKt$MainAppContent$2$1$1$1:
    public final void invoke$22()
com.parallax.wallpaper.MainActivityKt$MainAppContent$2$1$1:
    public final void invoke$3()
com.parallax.wallpaper.MainActivityKt$MainAppContent$2$1$2$1$2$1$1:
    public final java.lang.Object invoke(kotlinx.coroutines.CoroutineScope,kotlin.coroutines.Continuation)
com.parallax.wallpaper.MainActivityKt$MainAppContent$2$1$2$WhenMappings
com.parallax.wallpaper.MainActivityKt$MainAppContent$2$1$2:
    public static void invoke$66()
com.parallax.wallpaper.MainActivityKt$MainAppContent$2:
    public final void invoke$3()
com.parallax.wallpaper.NavTab:
    public static final synthetic kotlin.enums.EnumEntries $ENTRIES
    public static androidx.compose.ui.graphics.vector.ImageVector getSelectedIcon()
    public static java.lang.String getTitle()
    public static androidx.compose.ui.graphics.vector.ImageVector getUnselectedIcon()
com.parallax.wallpaper.ParallaxApp:
    static void <clinit>()
com.parallax.wallpaper.data.WallpaperRepository:
    public static final int $stable
    public final java.util.List sampleWallpapers
    static void <clinit>()
    public static java.util.List filterByTab()
    public final kotlinx.coroutines.flow.ReadonlyStateFlow getFavorites()
    public static kotlinx.coroutines.flow.StateFlow getWallpapers()
    public static void unlockWallpaper()
com.parallax.wallpaper.model.WallpaperItem:
    static void <clinit>()
...
androidx.compose.material.icons.outlined.VerticalShadesClosedKt
androidx.compose.material.icons.outlined.VerticalShadesKt
androidx.compose.material.icons.outlined.VerticalSplitKt
androidx.compose.material.icons.outlined.VibrationKt
androidx.compose.material.icons.outlined.VideoCallKt
androidx.compose.material.icons.outlined.VideoCameraBackKt
androidx.compose.material.icons.outlined.VideoCameraFrontKt
androidx.compose.material.icons.outlined.VideoChatKt
androidx.compose.material.icons.outlined.VideoFileKt
androidx.compose.material.icons.outlined.VideoLabelKt
androidx.compose.material.icons.outlined.VideoLibraryKt
androidx.compose.material.icons.outlined.VideoSettingsKt
androidx.compose.material.icons.outlined.VideoStableKt
androidx.compose.material.icons.outlined.VideocamKt
androidx.compose.material.icons.outlined.VideocamOffKt
androidx.compose.material.icons.outlined.VideogameAssetKt
androidx.compose.material.icons.outlined.VideogameAssetOffKt
androidx.compose.material.icons.outlined.ViewAgendaKt
androidx.compose.material.icons.outlined.ViewArrayKt
androidx.compose.material.icons.outlined.ViewCarouselKt
androidx.compose.material.icons.outlined.ViewColumnKt
androidx.compose.material.icons.outlined.ViewComfyAltKt
androidx.compose.material.icons.outlined.ViewComfyKt
androidx.compose.material.icons.outlined.ViewCompactAltKt
androidx.compose.material.icons.outlined.ViewCompactKt
androidx.compose.material.icons.outlined.ViewCozyKt
androidx.compose.material.icons.outlined.ViewDayKt
androidx.compose.material.icons.outlined.ViewHeadlineKt
androidx.compose.material.icons.outlined.ViewInArKt
androidx.compose.material.icons.outlined.ViewKanbanKt
androidx.compose.material.icons.outlined.ViewListKt
androidx.compose.material.icons.outlined.ViewModuleKt
androidx.compose.material.icons.outlined.ViewQuiltKt
androidx.compose.material.icons.outlined.ViewSidebarKt
androidx.compose.material.icons.outlined.ViewStreamKt
androidx.compose.material.icons.outlined.ViewTimelineKt
androidx.compose.material.icons.outlined.ViewWeekKt
androidx.compose.material.icons.outlined.VignetteKt
androidx.compose.material.icons.outlined.VillaKt
androidx.compose.material.icons.outlined.VisibilityOffKt
androidx.compose.material.icons.outlined.VoiceChatKt
androidx.compose.material.icons.outlined.VoiceOverOffKt
androidx.compose.material.icons.outlined.VoicemailKt
androidx.compose.material.icons.outlined.VolcanoKt
androidx.compose.material.icons.outlined.VolumeDownKt
androidx.compose.material.icons.outlined.VolumeMuteKt
androidx.compose.material.icons.outlined.VolumeOffKt
androidx.compose.material.icons.outlined.VolumeUpKt
androidx.compose.material.icons.outlined.VolunteerActivismKt
androidx.compose.material.icons.outlined.VpnKeyKt
androidx.compose.material.icons.outlined.VpnKeyOffKt
androidx.compose.material.icons.outlined.VpnLockKt
androidx.compose.material.icons.outlined.VrpanoKt
androidx.compose.material.icons.outlined.WalletKt
androidx.compose.material.icons.outlined.WallpaperKt
androidx.compose.material.icons.outlined.WarehouseKt
androidx.compose.material.icons.outlined.WarningAmberKt
androidx.compose.material.icons.outlined.WarningKt
androidx.compose.material.icons.outlined.WashKt
androidx.compose.material.icons.outlined.WatchKt
androidx.compose.material.icons.outlined.WatchLaterKt
androidx.compose.material.icons.outlined.WatchOffKt
androidx.compose.material.icons.outlined.WaterDamageKt
androidx.compose.material.icons.outlined.WaterDropKt
androidx.compose.material.icons.outlined.WaterKt
androidx.compose.material.icons.outlined.WaterfallChartKt
androidx.compose.material.icons.outlined.WavesKt
androidx.compose.material.icons.outlined.WavingHandKt
androidx.compose.material.icons.outlined.WbAutoKt
androidx.compose.material.icons.outlined.WbCloudyKt
androidx.compose.material.icons.outlined.WbIncandescentKt
androidx.compose.material.icons.outlined.WbIridescentKt
androidx.compose.material.icons.outlined.WbShadeKt
androidx.compose.material.icons.outlined.WbSunnyKt